<?xml version="1.0" encoding="UTF-8"?>
<testng-results ignored="0" total="1" passed="1" failed="0" skipped="0">
  <reporter-output>
  </reporter-output>
  <suite started-at="2021-02-01T23:13:52 EET" name="Default suite" finished-at="2021-02-01T23:13:52 EET" duration-ms="83">
    <groups>
    </groups>
    <test started-at="2021-02-01T23:13:52 EET" name="Default test" finished-at="2021-02-01T23:13:52 EET" duration-ms="83">
      <class name="Nopcommerce_TestCases.NewTest">
        <test-method is-config="true" signature="beforeTest()[pri:0, instance:Nopcommerce_TestCases.NewTest@10aa41f2]" started-at="2021-02-01T23:13:52 EET" name="beforeTest" finished-at="2021-02-01T23:13:52 EET" duration-ms="20" status="PASS">
          <reporter-output>
          </reporter-output>
        </test-method> <!-- beforeTest -->
        <test-method signature="f()[pri:0, instance:Nopcommerce_TestCases.NewTest@10aa41f2]" started-at="2021-02-01T23:13:52 EET" name="f" finished-at="2021-02-01T23:13:52 EET" duration-ms="10" status="PASS">
          <reporter-output>
          </reporter-output>
        </test-method> <!-- f -->
        <test-method is-config="true" signature="afterTest()[pri:0, instance:Nopcommerce_TestCases.NewTest@10aa41f2]" started-at="2021-02-01T23:13:52 EET" name="afterTest" finished-at="2021-02-01T23:13:52 EET" duration-ms="1" status="PASS">
          <reporter-output>
          </reporter-output>
        </test-method> <!-- afterTest -->
      </class> <!-- Nopcommerce_TestCases.NewTest -->
    </test> <!-- Default test -->
  </suite> <!-- Default suite -->
</testng-results>
